c:\users\junya-s\desktop\whs1_client\whs1_client\release\vc140.pdb
c:\users\junya-s\desktop\whs1_client\whs1_client\release\whs1.obj
c:\users\junya-s\desktop\whs1_client\whs1_client\release\socket.obj
c:\users\junya-s\desktop\whs1_client\whs1_client\release\main.obj
c:\users\junya-s\desktop\whs1_client\whs1_client\release\.netframework,version=v4.5.2.assemblyattributes.obj
c:\users\junya-s\desktop\whs1_client\whs1_client\release\.netframework,version=v4.5.2.assemblyattributes.asm
c:\users\junya-s\desktop\whs1_client\whs1_client\release\whs1_test.myform.resources
c:\users\junya-s\desktop\whs1_client\whs1_client\release\whs1_client.vcxproj.generateresource.cache
c:\users\junya-s\desktop\whs1_client\release\whs1_client.pdb
c:\users\junya-s\desktop\whs1_client\whs1_client\release\whs1_client.tlog\cl.command.1.tlog
c:\users\junya-s\desktop\whs1_client\whs1_client\release\whs1_client.tlog\cl.read.1.tlog
c:\users\junya-s\desktop\whs1_client\whs1_client\release\whs1_client.tlog\cl.write.1.tlog
c:\users\junya-s\desktop\whs1_client\whs1_client\release\whs1_client.tlog\link-cvtres.read.1.tlog
c:\users\junya-s\desktop\whs1_client\whs1_client\release\whs1_client.tlog\link-cvtres.write.1.tlog
c:\users\junya-s\desktop\whs1_client\whs1_client\release\whs1_client.tlog\link-rc.read.1.tlog
c:\users\junya-s\desktop\whs1_client\whs1_client\release\whs1_client.tlog\link-rc.write.1.tlog
c:\users\junya-s\desktop\whs1_client\whs1_client\release\whs1_client.tlog\link.command.1.tlog
c:\users\junya-s\desktop\whs1_client\whs1_client\release\whs1_client.tlog\link.read.1.tlog
c:\users\junya-s\desktop\whs1_client\whs1_client\release\whs1_client.tlog\link.write.1.tlog
c:\users\junya-s\desktop\whs1_client\whs1_client\release\whs1_client.tlog\metagen.read.1.tlog
c:\users\junya-s\desktop\whs1_client\whs1_client\release\whs1_client.tlog\metagen.write.1.tlog
c:\users\junya-s\desktop\whs1_client\whs1_client\release\whs1_client.tlog\whs1_client.write.1u.tlog
c:\users\junya-s\desktop\whs1_client\whs1_client\release\whs1_client.tlog\tzres.dll.bi
